<?xml version="1.0" encoding="UTF-8"?>
<testsuite xmlns:xsi="http://www.w3.org/2001/XMLSchema-instance" xsi:noNamespaceSchemaLocation="https://maven.apache.org/surefire/maven-surefire-plugin/xsd/surefire-test-report.xsd" version="3.0.2" name="com.zhang.test.VersionTest" time="6.489" tests="2" errors="0" skipped="0" failures="0">
  <properties>
    <property name="java.specification.version" value="17"/>
    <property name="sun.cpu.isalist" value="amd64"/>
    <property name="sun.jnu.encoding" value="GBK"/>
    <property name="java.class.path" value="D:\IDEA_JavaEE_work\user\target\test-classes;D:\IDEA_JavaEE_work\user\target\classes;D:\Maven\RepMaven\org\springframework\boot\spring-boot-starter\3.4.0\spring-boot-starter-3.4.0.jar;D:\Maven\RepMaven\org\springframework\boot\spring-boot\3.4.0\spring-boot-3.4.0.jar;D:\Maven\RepMaven\org\springframework\spring-context\6.2.0\spring-context-6.2.0.jar;D:\Maven\RepMaven\org\springframework\boot\spring-boot-starter-logging\3.4.0\spring-boot-starter-logging-3.4.0.jar;D:\Maven\RepMaven\ch\qos\logback\logback-classic\1.5.12\logback-classic-1.5.12.jar;D:\Maven\RepMaven\ch\qos\logback\logback-core\1.5.12\logback-core-1.5.12.jar;D:\Maven\RepMaven\org\apache\logging\log4j\log4j-to-slf4j\2.24.1\log4j-to-slf4j-2.24.1.jar;D:\Maven\RepMaven\org\apache\logging\log4j\log4j-api\2.24.1\log4j-api-2.24.1.jar;D:\Maven\RepMaven\org\slf4j\jul-to-slf4j\2.0.16\jul-to-slf4j-2.0.16.jar;D:\Maven\RepMaven\jakarta\annotation\jakarta.annotation-api\2.1.1\jakarta.annotation-api-2.1.1.jar;D:\Maven\RepMaven\org\springframework\spring-core\6.2.0\spring-core-6.2.0.jar;D:\Maven\RepMaven\org\springframework\spring-jcl\6.2.0\spring-jcl-6.2.0.jar;D:\Maven\RepMaven\org\yaml\snakeyaml\2.3\snakeyaml-2.3.jar;D:\Maven\RepMaven\org\springframework\boot\spring-boot-autoconfigure\3.4.0\spring-boot-autoconfigure-3.4.0.jar;D:\Maven\RepMaven\org\springframework\boot\spring-boot-starter-web\3.4.0\spring-boot-starter-web-3.4.0.jar;D:\Maven\RepMaven\org\springframework\boot\spring-boot-starter-json\3.4.0\spring-boot-starter-json-3.4.0.jar;D:\Maven\RepMaven\com\fasterxml\jackson\core\jackson-databind\2.18.1\jackson-databind-2.18.1.jar;D:\Maven\RepMaven\com\fasterxml\jackson\core\jackson-annotations\2.18.1\jackson-annotations-2.18.1.jar;D:\Maven\RepMaven\com\fasterxml\jackson\core\jackson-core\2.18.1\jackson-core-2.18.1.jar;D:\Maven\RepMaven\com\fasterxml\jackson\datatype\jackson-datatype-jdk8\2.18.1\jackson-datatype-jdk8-2.18.1.jar;D:\Maven\RepMaven\com\fasterxml\jackson\datatype\jackson-datatype-jsr310\2.18.1\jackson-datatype-jsr310-2.18.1.jar;D:\Maven\RepMaven\com\fasterxml\jackson\module\jackson-module-parameter-names\2.18.1\jackson-module-parameter-names-2.18.1.jar;D:\Maven\RepMaven\org\springframework\boot\spring-boot-starter-tomcat\3.4.0\spring-boot-starter-tomcat-3.4.0.jar;D:\Maven\RepMaven\org\apache\tomcat\embed\tomcat-embed-core\10.1.33\tomcat-embed-core-10.1.33.jar;D:\Maven\RepMaven\org\apache\tomcat\embed\tomcat-embed-el\10.1.33\tomcat-embed-el-10.1.33.jar;D:\Maven\RepMaven\org\apache\tomcat\embed\tomcat-embed-websocket\10.1.33\tomcat-embed-websocket-10.1.33.jar;D:\Maven\RepMaven\org\springframework\spring-web\6.2.0\spring-web-6.2.0.jar;D:\Maven\RepMaven\org\springframework\spring-beans\6.2.0\spring-beans-6.2.0.jar;D:\Maven\RepMaven\io\micrometer\micrometer-observation\1.14.1\micrometer-observation-1.14.1.jar;D:\Maven\RepMaven\io\micrometer\micrometer-commons\1.14.1\micrometer-commons-1.14.1.jar;D:\Maven\RepMaven\org\springframework\spring-webmvc\6.2.0\spring-webmvc-6.2.0.jar;D:\Maven\RepMaven\org\springframework\spring-aop\6.2.0\spring-aop-6.2.0.jar;D:\Maven\RepMaven\org\springframework\spring-expression\6.2.0\spring-expression-6.2.0.jar;D:\Maven\RepMaven\org\springframework\boot\spring-boot-starter-test\3.4.0\spring-boot-starter-test-3.4.0.jar;D:\Maven\RepMaven\org\springframework\boot\spring-boot-test\3.4.0\spring-boot-test-3.4.0.jar;D:\Maven\RepMaven\org\springframework\boot\spring-boot-test-autoconfigure\3.4.0\spring-boot-test-autoconfigure-3.4.0.jar;D:\Maven\RepMaven\com\jayway\jsonpath\json-path\2.9.0\json-path-2.9.0.jar;D:\Maven\RepMaven\jakarta\xml\bind\jakarta.xml.bind-api\4.0.2\jakarta.xml.bind-api-4.0.2.jar;D:\Maven\RepMaven\jakarta\activation\jakarta.activation-api\2.1.3\jakarta.activation-api-2.1.3.jar;D:\Maven\RepMaven\net\minidev\json-smart\2.5.1\json-smart-2.5.1.jar;D:\Maven\RepMaven\net\minidev\accessors-smart\2.5.1\accessors-smart-2.5.1.jar;D:\Maven\RepMaven\org\ow2\asm\asm\9.6\asm-9.6.jar;D:\Maven\RepMaven\org\assertj\assertj-core\3.26.3\assertj-core-3.26.3.jar;D:\Maven\RepMaven\net\bytebuddy\byte-buddy\1.15.10\byte-buddy-1.15.10.jar;D:\Maven\RepMaven\org\awaitility\awaitility\4.2.2\awaitility-4.2.2.jar;D:\Maven\RepMaven\org\hamcrest\hamcrest\2.2\hamcrest-2.2.jar;D:\Maven\RepMaven\org\junit\jupiter\junit-jupiter\5.11.3\junit-jupiter-5.11.3.jar;D:\Maven\RepMaven\org\junit\jupiter\junit-jupiter-api\5.11.3\junit-jupiter-api-5.11.3.jar;D:\Maven\RepMaven\org\opentest4j\opentest4j\1.3.0\opentest4j-1.3.0.jar;D:\Maven\RepMaven\org\junit\platform\junit-platform-commons\1.11.3\junit-platform-commons-1.11.3.jar;D:\Maven\RepMaven\org\apiguardian\apiguardian-api\1.1.2\apiguardian-api-1.1.2.jar;D:\Maven\RepMaven\org\junit\jupiter\junit-jupiter-params\5.11.3\junit-jupiter-params-5.11.3.jar;D:\Maven\RepMaven\org\junit\jupiter\junit-jupiter-engine\5.11.3\junit-jupiter-engine-5.11.3.jar;D:\Maven\RepMaven\org\junit\platform\junit-platform-engine\1.11.3\junit-platform-engine-1.11.3.jar;D:\Maven\RepMaven\org\mockito\mockito-core\5.14.2\mockito-core-5.14.2.jar;D:\Maven\RepMaven\net\bytebuddy\byte-buddy-agent\1.15.10\byte-buddy-agent-1.15.10.jar;D:\Maven\RepMaven\org\objenesis\objenesis\3.3\objenesis-3.3.jar;D:\Maven\RepMaven\org\mockito\mockito-junit-jupiter\5.14.2\mockito-junit-jupiter-5.14.2.jar;D:\Maven\RepMaven\org\skyscreamer\jsonassert\1.5.3\jsonassert-1.5.3.jar;D:\Maven\RepMaven\com\vaadin\external\google\android-json\0.0.20131108.vaadin1\android-json-0.0.20131108.vaadin1.jar;D:\Maven\RepMaven\org\springframework\spring-test\6.2.0\spring-test-6.2.0.jar;D:\Maven\RepMaven\org\xmlunit\xmlunit-core\2.10.0\xmlunit-core-2.10.0.jar;D:\Maven\RepMaven\com\baomidou\mybatis-plus-spring-boot3-starter\3.5.5\mybatis-plus-spring-boot3-starter-3.5.5.jar;D:\Maven\RepMaven\com\baomidou\mybatis-plus\3.5.5\mybatis-plus-3.5.5.jar;D:\Maven\RepMaven\com\baomidou\mybatis-plus-core\3.5.5\mybatis-plus-core-3.5.5.jar;D:\Maven\RepMaven\com\baomidou\mybatis-plus-annotation\3.5.5\mybatis-plus-annotation-3.5.5.jar;D:\Maven\RepMaven\com\baomidou\mybatis-plus-extension\3.5.5\mybatis-plus-extension-3.5.5.jar;D:\Maven\RepMaven\org\mybatis\mybatis\3.5.15\mybatis-3.5.15.jar;D:\Maven\RepMaven\com\github\jsqlparser\jsqlparser\4.6\jsqlparser-4.6.jar;D:\Maven\RepMaven\org\mybatis\mybatis-spring\3.0.3\mybatis-spring-3.0.3.jar;D:\Maven\RepMaven\com\baomidou\mybatis-plus-spring-boot-autoconfigure\3.5.5\mybatis-plus-spring-boot-autoconfigure-3.5.5.jar;D:\Maven\RepMaven\org\springframework\boot\spring-boot-starter-jdbc\3.4.0\spring-boot-starter-jdbc-3.4.0.jar;D:\Maven\RepMaven\com\zaxxer\HikariCP\5.1.0\HikariCP-5.1.0.jar;D:\Maven\RepMaven\org\springframework\spring-jdbc\6.2.0\spring-jdbc-6.2.0.jar;D:\Maven\RepMaven\org\springframework\spring-tx\6.2.0\spring-tx-6.2.0.jar;D:\Maven\RepMaven\com\alibaba\druid-spring-boot-3-starter\1.2.20\druid-spring-boot-3-starter-1.2.20.jar;D:\Maven\RepMaven\com\alibaba\druid\1.2.20\druid-1.2.20.jar;D:\Maven\RepMaven\org\slf4j\slf4j-api\2.0.16\slf4j-api-2.0.16.jar;D:\Maven\RepMaven\mysql\mysql-connector-java\8.0.28\mysql-connector-java-8.0.28.jar;D:\Maven\RepMaven\com\google\protobuf\protobuf-java\3.11.4\protobuf-java-3.11.4.jar;D:\Maven\RepMaven\org\projectlombok\lombok\1.18.28\lombok-1.18.28.jar;"/>
    <property name="java.vm.vendor" value="Oracle Corporation"/>
    <property name="sun.arch.data.model" value="64"/>
    <property name="user.variant" value=""/>
    <property name="java.vendor.url" value="https://java.oracle.com/"/>
    <property name="user.timezone" value="Asia/Shanghai"/>
    <property name="os.name" value="Windows 10"/>
    <property name="java.vm.specification.version" value="17"/>
    <property name="sun.java.launcher" value="SUN_STANDARD"/>
    <property name="user.country" value="CN"/>
    <property name="sun.boot.library.path" value="D:\jdk-17.0.12\bin"/>
    <property name="sun.java.command" value="C:\Users\张彦锋\AppData\Local\Temp\surefire10845692598357464872\surefirebooter-20241126181511412_3.jar C:\Users\张彦锋\AppData\Local\Temp\surefire10845692598357464872 2024-11-26T18-15-11_139-jvmRun1 surefire-20241126181511412_1tmp surefire_0-20241126181511412_2tmp"/>
    <property name="jdk.debug" value="release"/>
    <property name="surefire.test.class.path" value="D:\IDEA_JavaEE_work\user\target\test-classes;D:\IDEA_JavaEE_work\user\target\classes;D:\Maven\RepMaven\org\springframework\boot\spring-boot-starter\3.4.0\spring-boot-starter-3.4.0.jar;D:\Maven\RepMaven\org\springframework\boot\spring-boot\3.4.0\spring-boot-3.4.0.jar;D:\Maven\RepMaven\org\springframework\spring-context\6.2.0\spring-context-6.2.0.jar;D:\Maven\RepMaven\org\springframework\boot\spring-boot-starter-logging\3.4.0\spring-boot-starter-logging-3.4.0.jar;D:\Maven\RepMaven\ch\qos\logback\logback-classic\1.5.12\logback-classic-1.5.12.jar;D:\Maven\RepMaven\ch\qos\logback\logback-core\1.5.12\logback-core-1.5.12.jar;D:\Maven\RepMaven\org\apache\logging\log4j\log4j-to-slf4j\2.24.1\log4j-to-slf4j-2.24.1.jar;D:\Maven\RepMaven\org\apache\logging\log4j\log4j-api\2.24.1\log4j-api-2.24.1.jar;D:\Maven\RepMaven\org\slf4j\jul-to-slf4j\2.0.16\jul-to-slf4j-2.0.16.jar;D:\Maven\RepMaven\jakarta\annotation\jakarta.annotation-api\2.1.1\jakarta.annotation-api-2.1.1.jar;D:\Maven\RepMaven\org\springframework\spring-core\6.2.0\spring-core-6.2.0.jar;D:\Maven\RepMaven\org\springframework\spring-jcl\6.2.0\spring-jcl-6.2.0.jar;D:\Maven\RepMaven\org\yaml\snakeyaml\2.3\snakeyaml-2.3.jar;D:\Maven\RepMaven\org\springframework\boot\spring-boot-autoconfigure\3.4.0\spring-boot-autoconfigure-3.4.0.jar;D:\Maven\RepMaven\org\springframework\boot\spring-boot-starter-web\3.4.0\spring-boot-starter-web-3.4.0.jar;D:\Maven\RepMaven\org\springframework\boot\spring-boot-starter-json\3.4.0\spring-boot-starter-json-3.4.0.jar;D:\Maven\RepMaven\com\fasterxml\jackson\core\jackson-databind\2.18.1\jackson-databind-2.18.1.jar;D:\Maven\RepMaven\com\fasterxml\jackson\core\jackson-annotations\2.18.1\jackson-annotations-2.18.1.jar;D:\Maven\RepMaven\com\fasterxml\jackson\core\jackson-core\2.18.1\jackson-core-2.18.1.jar;D:\Maven\RepMaven\com\fasterxml\jackson\datatype\jackson-datatype-jdk8\2.18.1\jackson-datatype-jdk8-2.18.1.jar;D:\Maven\RepMaven\com\fasterxml\jackson\datatype\jackson-datatype-jsr310\2.18.1\jackson-datatype-jsr310-2.18.1.jar;D:\Maven\RepMaven\com\fasterxml\jackson\module\jackson-module-parameter-names\2.18.1\jackson-module-parameter-names-2.18.1.jar;D:\Maven\RepMaven\org\springframework\boot\spring-boot-starter-tomcat\3.4.0\spring-boot-starter-tomcat-3.4.0.jar;D:\Maven\RepMaven\org\apache\tomcat\embed\tomcat-embed-core\10.1.33\tomcat-embed-core-10.1.33.jar;D:\Maven\RepMaven\org\apache\tomcat\embed\tomcat-embed-el\10.1.33\tomcat-embed-el-10.1.33.jar;D:\Maven\RepMaven\org\apache\tomcat\embed\tomcat-embed-websocket\10.1.33\tomcat-embed-websocket-10.1.33.jar;D:\Maven\RepMaven\org\springframework\spring-web\6.2.0\spring-web-6.2.0.jar;D:\Maven\RepMaven\org\springframework\spring-beans\6.2.0\spring-beans-6.2.0.jar;D:\Maven\RepMaven\io\micrometer\micrometer-observation\1.14.1\micrometer-observation-1.14.1.jar;D:\Maven\RepMaven\io\micrometer\micrometer-commons\1.14.1\micrometer-commons-1.14.1.jar;D:\Maven\RepMaven\org\springframework\spring-webmvc\6.2.0\spring-webmvc-6.2.0.jar;D:\Maven\RepMaven\org\springframework\spring-aop\6.2.0\spring-aop-6.2.0.jar;D:\Maven\RepMaven\org\springframework\spring-expression\6.2.0\spring-expression-6.2.0.jar;D:\Maven\RepMaven\org\springframework\boot\spring-boot-starter-test\3.4.0\spring-boot-starter-test-3.4.0.jar;D:\Maven\RepMaven\org\springframework\boot\spring-boot-test\3.4.0\spring-boot-test-3.4.0.jar;D:\Maven\RepMaven\org\springframework\boot\spring-boot-test-autoconfigure\3.4.0\spring-boot-test-autoconfigure-3.4.0.jar;D:\Maven\RepMaven\com\jayway\jsonpath\json-path\2.9.0\json-path-2.9.0.jar;D:\Maven\RepMaven\jakarta\xml\bind\jakarta.xml.bind-api\4.0.2\jakarta.xml.bind-api-4.0.2.jar;D:\Maven\RepMaven\jakarta\activation\jakarta.activation-api\2.1.3\jakarta.activation-api-2.1.3.jar;D:\Maven\RepMaven\net\minidev\json-smart\2.5.1\json-smart-2.5.1.jar;D:\Maven\RepMaven\net\minidev\accessors-smart\2.5.1\accessors-smart-2.5.1.jar;D:\Maven\RepMaven\org\ow2\asm\asm\9.6\asm-9.6.jar;D:\Maven\RepMaven\org\assertj\assertj-core\3.26.3\assertj-core-3.26.3.jar;D:\Maven\RepMaven\net\bytebuddy\byte-buddy\1.15.10\byte-buddy-1.15.10.jar;D:\Maven\RepMaven\org\awaitility\awaitility\4.2.2\awaitility-4.2.2.jar;D:\Maven\RepMaven\org\hamcrest\hamcrest\2.2\hamcrest-2.2.jar;D:\Maven\RepMaven\org\junit\jupiter\junit-jupiter\5.11.3\junit-jupiter-5.11.3.jar;D:\Maven\RepMaven\org\junit\jupiter\junit-jupiter-api\5.11.3\junit-jupiter-api-5.11.3.jar;D:\Maven\RepMaven\org\opentest4j\opentest4j\1.3.0\opentest4j-1.3.0.jar;D:\Maven\RepMaven\org\junit\platform\junit-platform-commons\1.11.3\junit-platform-commons-1.11.3.jar;D:\Maven\RepMaven\org\apiguardian\apiguardian-api\1.1.2\apiguardian-api-1.1.2.jar;D:\Maven\RepMaven\org\junit\jupiter\junit-jupiter-params\5.11.3\junit-jupiter-params-5.11.3.jar;D:\Maven\RepMaven\org\junit\jupiter\junit-jupiter-engine\5.11.3\junit-jupiter-engine-5.11.3.jar;D:\Maven\RepMaven\org\junit\platform\junit-platform-engine\1.11.3\junit-platform-engine-1.11.3.jar;D:\Maven\RepMaven\org\mockito\mockito-core\5.14.2\mockito-core-5.14.2.jar;D:\Maven\RepMaven\net\bytebuddy\byte-buddy-agent\1.15.10\byte-buddy-agent-1.15.10.jar;D:\Maven\RepMaven\org\objenesis\objenesis\3.3\objenesis-3.3.jar;D:\Maven\RepMaven\org\mockito\mockito-junit-jupiter\5.14.2\mockito-junit-jupiter-5.14.2.jar;D:\Maven\RepMaven\org\skyscreamer\jsonassert\1.5.3\jsonassert-1.5.3.jar;D:\Maven\RepMaven\com\vaadin\external\google\android-json\0.0.20131108.vaadin1\android-json-0.0.20131108.vaadin1.jar;D:\Maven\RepMaven\org\springframework\spring-test\6.2.0\spring-test-6.2.0.jar;D:\Maven\RepMaven\org\xmlunit\xmlunit-core\2.10.0\xmlunit-core-2.10.0.jar;D:\Maven\RepMaven\com\baomidou\mybatis-plus-spring-boot3-starter\3.5.5\mybatis-plus-spring-boot3-starter-3.5.5.jar;D:\Maven\RepMaven\com\baomidou\mybatis-plus\3.5.5\mybatis-plus-3.5.5.jar;D:\Maven\RepMaven\com\baomidou\mybatis-plus-core\3.5.5\mybatis-plus-core-3.5.5.jar;D:\Maven\RepMaven\com\baomidou\mybatis-plus-annotation\3.5.5\mybatis-plus-annotation-3.5.5.jar;D:\Maven\RepMaven\com\baomidou\mybatis-plus-extension\3.5.5\mybatis-plus-extension-3.5.5.jar;D:\Maven\RepMaven\org\mybatis\mybatis\3.5.15\mybatis-3.5.15.jar;D:\Maven\RepMaven\com\github\jsqlparser\jsqlparser\4.6\jsqlparser-4.6.jar;D:\Maven\RepMaven\org\mybatis\mybatis-spring\3.0.3\mybatis-spring-3.0.3.jar;D:\Maven\RepMaven\com\baomidou\mybatis-plus-spring-boot-autoconfigure\3.5.5\mybatis-plus-spring-boot-autoconfigure-3.5.5.jar;D:\Maven\RepMaven\org\springframework\boot\spring-boot-starter-jdbc\3.4.0\spring-boot-starter-jdbc-3.4.0.jar;D:\Maven\RepMaven\com\zaxxer\HikariCP\5.1.0\HikariCP-5.1.0.jar;D:\Maven\RepMaven\org\springframework\spring-jdbc\6.2.0\spring-jdbc-6.2.0.jar;D:\Maven\RepMaven\org\springframework\spring-tx\6.2.0\spring-tx-6.2.0.jar;D:\Maven\RepMaven\com\alibaba\druid-spring-boot-3-starter\1.2.20\druid-spring-boot-3-starter-1.2.20.jar;D:\Maven\RepMaven\com\alibaba\druid\1.2.20\druid-1.2.20.jar;D:\Maven\RepMaven\org\slf4j\slf4j-api\2.0.16\slf4j-api-2.0.16.jar;D:\Maven\RepMaven\mysql\mysql-connector-java\8.0.28\mysql-connector-java-8.0.28.jar;D:\Maven\RepMaven\com\google\protobuf\protobuf-java\3.11.4\protobuf-java-3.11.4.jar;D:\Maven\RepMaven\org\projectlombok\lombok\1.18.28\lombok-1.18.28.jar;"/>
    <property name="sun.cpu.endian" value="little"/>
    <property name="user.home" value="C:\Users\张彦锋"/>
    <property name="user.language" value="zh"/>
    <property name="java.specification.vendor" value="Oracle Corporation"/>
    <property name="java.version.date" value="2024-07-16"/>
    <property name="java.home" value="D:\jdk-17.0.12"/>
    <property name="file.separator" value="\"/>
    <property name="basedir" value="D:\IDEA_JavaEE_work\user"/>
    <property name="java.vm.compressedOopsMode" value="Zero based"/>
    <property name="line.separator" value="&#10;"/>
    <property name="java.vm.specification.vendor" value="Oracle Corporation"/>
    <property name="java.specification.name" value="Java Platform API Specification"/>
    <property name="FILE_LOG_CHARSET" value="GBK"/>
    <property name="java.awt.headless" value="true"/>
    <property name="surefire.real.class.path" value="C:\Users\张彦锋\AppData\Local\Temp\surefire10845692598357464872\surefirebooter-20241126181511412_3.jar"/>
    <property name="user.script" value=""/>
    <property name="sun.management.compiler" value="HotSpot 64-Bit Tiered Compilers"/>
    <property name="java.runtime.version" value="17.0.12+8-LTS-286"/>
    <property name="user.name" value="张彦锋"/>
    <property name="path.separator" value=";"/>
    <property name="os.version" value="10.0"/>
    <property name="java.runtime.name" value="Java(TM) SE Runtime Environment"/>
    <property name="file.encoding" value="GBK"/>
    <property name="java.vm.name" value="Java HotSpot(TM) 64-Bit Server VM"/>
    <property name="localRepository" value="D:\Maven\RepMaven"/>
    <property name="java.vendor.url.bug" value="https://bugreport.java.com/bugreport/"/>
    <property name="java.io.tmpdir" value="C:\Users\张彦锋\AppData\Local\Temp\"/>
    <property name="idea.version" value="2023.2"/>
    <property name="java.version" value="17.0.12"/>
    <property name="user.dir" value="D:\IDEA_JavaEE_work\user"/>
    <property name="os.arch" value="amd64"/>
    <property name="java.vm.specification.name" value="Java Virtual Machine Specification"/>
    <property name="PID" value="22356"/>
    <property name="sun.os.patch.level" value=""/>
    <property name="CONSOLE_LOG_CHARSET" value="GBK"/>
    <property name="native.encoding" value="GBK"/>
    <property name="java.library.path" value="D:\jdk-17.0.12\bin;C:\WINDOWS\Sun\Java\bin;C:\WINDOWS\system32;C:\WINDOWS;D:\LinuxApp\bin\;D:\MySQL\mysql-5.7.43-winx64\bin;C:\windows\system32;D:\MySQL\mysql-5.7.43-winx64;D:\PythonWork\venv\Scripts;D:\IDEA_app\IntelliJ IDEA 2023.2\bin\idea64.exe;C:\Program Files\Java\jdk1.8.0_131\bin;D:\Xftp\;D:\Xshell\;D:\hadoop-3.1.0\bin;D:\graphviz\Graphviz-10.0.1-win64\bin;D:\WeChat_web_IDE\微信web开发者工具\dll;D:\jdk-17.0.12\bin;D:\apache-tomcat-10.1.31\bin;D:\node16\;D:\apache-tomcat-10.1.31\bin;C:\Users\张彦锋\AppData\Local\Programs\Python\Python37\Scripts\;C:\Users\张彦锋\AppData\Local\Programs\Python\Python37\;C:\Users\张彦锋\AppData\Local\Microsoft\WindowsApps;D:\Python软件\PyCharm Community Edition 2022.2\bin;;C：\WINDOWS\system32;C：\WINDOWS;C：\WINDOWS\System32\Wbem;D:\QQGameTempest\Hall.57986\;D:\PythonWork\venv\Scripts;D:\IDEA_app\IntelliJ IDEA 2023.2\bin;;D:\IDEA_app\IntelliJ IDEA 2023.2\bin\idea64.exe;C:\Program Files\Java\jdk1.8.0_131\bin;D:\jdk-17.0.12\bin;D:\Visual Studio code\Microsoft VS Code\bin;D:\node16\node_global;D:\node16\node_global\node_modules;;."/>
    <property name="java.vm.info" value="mixed mode, sharing"/>
    <property name="java.vendor" value="Oracle Corporation"/>
    <property name="java.vm.version" value="17.0.12+8-LTS-286"/>
    <property name="sun.io.unicode.encoding" value="UnicodeLittle"/>
    <property name="maven.repo.local" value="D:\Maven\RepMaven"/>
    <property name="java.class.version" value="61.0"/>
  </properties>
  <testcase name="test_version" classname="com.zhang.test.VersionTest" time="1.956">
    <system-out><![CDATA[18:15:12.605 [main] INFO org.springframework.test.context.support.AnnotationConfigContextLoaderUtils -- Could not detect default configuration classes for test class [com.zhang.test.VersionTest]: VersionTest does not declare any static, non-private, non-final, nested classes annotated with @Configuration.
18:15:12.753 [main] INFO org.springframework.boot.test.context.SpringBootTestContextBootstrapper -- Found @SpringBootConfiguration com.zhang.UserApplication for test class com.zhang.test.VersionTest

  .   ____          _            __ _ _
 /\\ / ___'_ __ _ _(_)_ __  __ _ \ \ \ \
( ( )\___ | '_ | '_| | '_ \/ _` | \ \ \ \
 \\/  ___)| |_)| | | | | || (_| |  ) ) ) )
  '  |____| .__|_| |_|_| |_\__, | / / / /
 =========|_|==============|___/=/_/_/_/

 :: Spring Boot ::                (v3.4.0)

2024-11-26T18:15:13.311+08:00  INFO 22356 --- [           main] com.zhang.test.VersionTest               : Starting VersionTest using Java 17.0.12 with PID 22356 (started by 张彦锋 in D:\IDEA_JavaEE_work\user)
2024-11-26T18:15:13.313+08:00  INFO 22356 --- [           main] com.zhang.test.VersionTest               : No active profile set, falling back to 1 default profile: "default"
2024-11-26T18:15:14.541+08:00  INFO 22356 --- [           main] .i.s.PathMatchingResourcePatternResolver : Skipping search for files matching pattern [**/*.class]: directory [D:\IDEA_JavaEE_work\user\target\test-classes\com\zhang\mapper] does not exist
2024-11-26T18:15:15.044+08:00  INFO 22356 --- [           main] c.a.d.s.b.a.DruidDataSourceAutoConfigure : Init DruidDataSource
2024-11-26T18:15:15.326+08:00  INFO 22356 --- [           main] com.alibaba.druid.pool.DruidDataSource   : {dataSource-1} inited
Logging initialized using 'class org.apache.ibatis.logging.stdout.StdOutImpl' adapter.
Initialization Sequence datacenterId:0 workerId:4
 _ _   |_  _ _|_. ___ _ |    _ 
| | |\/|_)(_| | |_\  |_)||_|_\ 
     /               |         
                        3.5.5 
2024-11-26T18:15:16.902+08:00  INFO 22356 --- [           main] com.zhang.test.VersionTest               : Started VersionTest in 3.939 seconds (process running for 5.224)
Creating a new SqlSession
SqlSession [org.apache.ibatis.session.defaults.DefaultSqlSession@430aae8e] was not registered for synchronization because synchronization is not active
JDBC Connection [com.mysql.cj.jdbc.ConnectionImpl@75ee6f89] will not be managed by Spring
==>  Preparing: SELECT uid,user_name,user_age,user_phone,user_email,version,is_deleted FROM t_user WHERE uid=? AND is_deleted=0
==> Parameters: 6(Integer)
<==    Columns: uid, user_name, user_age, user_phone, user_email, version, is_deleted
<==        Row: 6, 典韦, 30, 14241112222, 14241112222@qq.com, 8, 0
<==      Total: 1
Closing non transactional SqlSession [org.apache.ibatis.session.defaults.DefaultSqlSession@430aae8e]
Creating a new SqlSession
SqlSession [org.apache.ibatis.session.defaults.DefaultSqlSession@2374452a] was not registered for synchronization because synchronization is not active
JDBC Connection [com.mysql.cj.jdbc.ConnectionImpl@75ee6f89] will not be managed by Spring
==>  Preparing: SELECT uid,user_name,user_age,user_phone,user_email,version,is_deleted FROM t_user WHERE uid=? AND is_deleted=0
==> Parameters: 6(Integer)
<==    Columns: uid, user_name, user_age, user_phone, user_email, version, is_deleted
<==        Row: 6, 典韦, 30, 14241112222, 14241112222@qq.com, 8, 0
<==      Total: 1
Closing non transactional SqlSession [org.apache.ibatis.session.defaults.DefaultSqlSession@2374452a]
Creating a new SqlSession
SqlSession [org.apache.ibatis.session.defaults.DefaultSqlSession@49fe0bcd] was not registered for synchronization because synchronization is not active
JDBC Connection [com.mysql.cj.jdbc.ConnectionImpl@75ee6f89] will not be managed by Spring
==>  Preparing: UPDATE t_user SET user_name=?, user_age=?, user_phone=?, user_email=?, version=? WHERE uid=? AND version=? AND is_deleted=0
==> Parameters: 典韦(String), 30(Integer), 14241112222(String), 14241112222@qq.com(String), 9(Integer), 6(Integer), 8(Integer)
<==    Updates: 1
Closing non transactional SqlSession [org.apache.ibatis.session.defaults.DefaultSqlSession@49fe0bcd]
Creating a new SqlSession
SqlSession [org.apache.ibatis.session.defaults.DefaultSqlSession@75add13c] was not registered for synchronization because synchronization is not active
JDBC Connection [com.mysql.cj.jdbc.ConnectionImpl@75ee6f89] will not be managed by Spring
==>  Preparing: UPDATE t_user SET user_name=?, user_age=?, user_phone=?, user_email=?, version=? WHERE uid=? AND version=? AND is_deleted=0
==> Parameters: 典韦(String), 40(Integer), 14241112222(String), 14241112222@qq.com(String), 9(Integer), 6(Integer), 8(Integer)
<==    Updates: 0
Closing non transactional SqlSession [org.apache.ibatis.session.defaults.DefaultSqlSession@75add13c]
]]></system-out>
  </testcase>
  <testcase name="test" classname="com.zhang.test.VersionTest" time="0.006">
    <system-out><![CDATA[hello
23
]]></system-out>
  </testcase>
</testsuite>